#
# A fatal error has been detected by the Java Runtime Environment:
#
#  EXCEPTION_ACCESS_VIOLATION (0xc0000005) at pc=0x00007ffdc0474071, pid=16424, tid=0x00000000000052c8
#
# JRE version: Java(TM) SE Runtime Environment (8.0_311-b11) (build 1.8.0_311-b11)
# Java VM: Java HotSpot(TM) 64-Bit Server VM (25.311-b11 mixed mode windows-amd64 compressed oops)
# Problematic frame:
# C  [dwrite.dll+0x44071]
#
# Failed to write core dump. Minidumps are not enabled by default on client versions of Windows
#
# If you would like to submit a bug report, please visit:
#   http://bugreport.java.com/bugreport/crash.jsp
# The crash happened outside the Java Virtual Machine in native code.
# See problematic frame for where to report the bug.
#

---------------  T H R E A D  ---------------

Current thread (0x000001e4c14dd000):  JavaThread "QuantumRenderer-0" daemon [_thread_in_native, id=21192, stack(0x000000d053e00000,0x000000d053f00000)]

siginfo: ExceptionCode=0xc0000005, reading address 0x0000000000000000

Registers:
RAX=0x0000000000001f80, RBX=0x000001e4c1087460, RCX=0x0000000000000000, RDX=0x000001e4c10852e0
RSP=0x000000d053efc290, RBP=0x000000d053efc390, RSI=0x0000000000000000, RDI=0x000001e4c1087580
R8 =0x00000000ffffffff, R9 =0xffffffff00000000, R10=0x0000000000000000, R11=0x000000d053efc190
R12=0x0000000000000003, R13=0x0000000000000000, R14=0x0000000000000000, R15=0x000000d053efc470
RIP=0x00007ffdc0474071, EFLAGS=0x0000000000010206

Top of Stack: (sp=0x000000d053efc290)
0x000000d053efc290:   0000000043ce0000 0000000000000000
0x000000d053efc2a0:   0000000043dd0000 0000000000000000
0x000000d053efc2b0:   fffffffffffffffe 000001e4c107e6c0
0x000000d053efc2c0:   000001e4c1087580 00007ffdc04c61da
0x000000d053efc2d0:   000001e400001f80 00007ffdcdd51b9a
0x000000d053efc2e0:   000001e4c10b5870 000001e4c10b5870
0x000000d053efc2f0:   000001e4c1079d30 00007ffdc04c614c
0x000000d053efc300:   000001e4c1079d30 0000000000000000
0x000000d053efc310:   0000000000000003 000001e4c109b850
0x000000d053efc320:   000001e4c109b850 00007ffdcdd30204
0x000000d053efc330:   000001e4c107e6c0 0000000000000000
0x000000d053efc340:   000000d053efc390 00007ffdcdcf331a
0x000000d053efc350:   000000d053efc380 000000d053efc3d0
0x000000d053efc360:   000000d053efc3c0 0000000000000000
0x000000d053efc370:   0000000000000000 0000000000000000
0x000000d053efc380:   0000000000000000 000000d053efc410 

Instructions: (pc=0x00007ffdc0474071)
0x00007ffdc0474051:   ff ff 48 8b d9 48 8b 51 08 48 8b 01 48 8b 08 0f
0x00007ffdc0474061:   ae 5c 24 40 8b 44 24 40 89 44 24 40 48 8b 49 10
0x00007ffdc0474071:   48 8b 01 48 8b 40 20 ff 15 7a 4d 18 00 90 48 8d
0x00007ffdc0474081:   4c 24 40 e8 c7 08 00 00 48 8b cb ff 15 d6 4c 18 


Register to memory mapping:

RAX=0x0000000000001f80 is an unknown value
RBX=0x000001e4c1087460 is an unknown value
RCX=0x0000000000000000 is an unknown value
RDX=0x000001e4c10852e0 is an unknown value
RSP=0x000000d053efc290 is pointing into the stack for thread: 0x000001e4c14dd000
RBP=0x000000d053efc390 is pointing into the stack for thread: 0x000001e4c14dd000
RSI=0x0000000000000000 is an unknown value
RDI=0x000001e4c1087580 is an unknown value
R8 =0x00000000ffffffff is an unknown value
R9 =0xffffffff00000000 is an unknown value
R10=0x0000000000000000 is an unknown value
R11=0x000000d053efc190 is pointing into the stack for thread: 0x000001e4c14dd000
R12=0x0000000000000003 is an unknown value
R13=0x0000000000000000 is an unknown value
R14=0x0000000000000000 is an unknown value
R15=0x000000d053efc470 is pointing into the stack for thread: 0x000001e4c14dd000


Stack: [0x000000d053e00000,0x000000d053f00000],  sp=0x000000d053efc290,  free space=1008k
Native frames: (J=compiled Java code, j=interpreted, Vv=VM code, C=native code)
C  [dwrite.dll+0x44071]
C  [dwrite.dll+0x961da]
C  [dwrite.dll+0x9614c]
C  0x00007ffdcdd30204
C  0x00007ffdcdd51743
C  0x00007ffdcdd99334
C  0x00007ffdcdd9928b
C  0x000001e4a4af4d27

Java frames: (J=compiled Java code, j=interpreted, Vv=VM code)
j  com.sun.javafx.font.directwrite.OS.EndDraw(J)I+0
j  com.sun.javafx.font.directwrite.ID2D1RenderTarget.EndDraw()I+4
j  com.sun.javafx.font.directwrite.DWGlyph.getD2DMask(FFZ)[B+313
j  com.sun.javafx.font.directwrite.DWGlyph.getPixelData(I)[B+94
J 2948 C1 com.sun.prism.impl.GlyphCache.getCachedGlyph(II)Lcom/sun/prism/impl/GlyphCache$GlyphData; (503 bytes) @ 0x000001e4a55f8494 [0x000001e4a55f7ae0+0x9b4]
J 3272 C1 com.sun.prism.impl.GlyphCache.render(Lcom/sun/prism/impl/BaseContext;Lcom/sun/javafx/scene/text/GlyphList;FFIILcom/sun/prism/paint/Color;Lcom/sun/prism/paint/Color;Lcom/sun/javafx/geom/transform/BaseTransform;Lcom/sun/javafx/geom/BaseBounds;)V (326 bytes) @ 0x000001e4a5704c9c [0x000001e4a5704200+0xa9c]
J 3184 C1 com.sun.prism.impl.ps.BaseShaderGraphics.drawString(Lcom/sun/javafx/scene/text/GlyphList;Lcom/sun/javafx/font/FontStrike;FFLcom/sun/prism/paint/Color;II)V (819 bytes) @ 0x000001e4a56c25ec [0x000001e4a56bc300+0x62ec]
J 3182 C1 com.sun.javafx.sg.prism.NGText.renderText(Lcom/sun/prism/Graphics;Lcom/sun/javafx/font/FontStrike;Lcom/sun/javafx/geom/BaseBounds;Lcom/sun/prism/paint/Color;I)V (523 bytes) @ 0x000001e4a56b73fc [0x000001e4a56b67e0+0xc1c]
J 3180 C1 com.sun.javafx.sg.prism.NGText.renderContent2D(Lcom/sun/prism/Graphics;Z)V (355 bytes) @ 0x000001e4a56b001c [0x000001e4a56aef20+0x10fc]
J 3179 C1 com.sun.javafx.sg.prism.NGShape.renderContent(Lcom/sun/prism/Graphics;)V (458 bytes) @ 0x000001e4a56b3d54 [0x000001e4a56b1aa0+0x22b4]
J 3476 C1 com.sun.javafx.sg.prism.NGNode.doRender(Lcom/sun/prism/Graphics;)V (473 bytes) @ 0x000001e4a579e254 [0x000001e4a579c3c0+0x1e94]
J 3315 C2 com.sun.javafx.sg.prism.NGNode.render(Lcom/sun/prism/Graphics;)V (38 bytes) @ 0x000001e4a57240b8 [0x000001e4a5724040+0x78]
J 2959 C1 com.sun.javafx.sg.prism.NGGroup.renderContent(Lcom/sun/prism/Graphics;)V (436 bytes) @ 0x000001e4a560e6d4 [0x000001e4a560d2c0+0x1414]
J 2960 C1 com.sun.javafx.sg.prism.NGRegion.renderContent(Lcom/sun/prism/Graphics;)V (115 bytes) @ 0x000001e4a560ae14 [0x000001e4a5609900+0x1514]
J 3476 C1 com.sun.javafx.sg.prism.NGNode.doRender(Lcom/sun/prism/Graphics;)V (473 bytes) @ 0x000001e4a579e254 [0x000001e4a579c3c0+0x1e94]
J 3315 C2 com.sun.javafx.sg.prism.NGNode.render(Lcom/sun/prism/Graphics;)V (38 bytes) @ 0x000001e4a57240b8 [0x000001e4a5724040+0x78]
J 2959 C1 com.sun.javafx.sg.prism.NGGroup.renderContent(Lcom/sun/prism/Graphics;)V (436 bytes) @ 0x000001e4a560e6d4 [0x000001e4a560d2c0+0x1414]
J 2960 C1 com.sun.javafx.sg.prism.NGRegion.renderContent(Lcom/sun/prism/Graphics;)V (115 bytes) @ 0x000001e4a560ae14 [0x000001e4a5609900+0x1514]
J 3476 C1 com.sun.javafx.sg.prism.NGNode.doRender(Lcom/sun/prism/Graphics;)V (473 bytes) @ 0x000001e4a579e254 [0x000001e4a579c3c0+0x1e94]
J 3315 C2 com.sun.javafx.sg.prism.NGNode.render(Lcom/sun/prism/Graphics;)V (38 bytes) @ 0x000001e4a57240b8 [0x000001e4a5724040+0x78]
J 2959 C1 com.sun.javafx.sg.prism.NGGroup.renderContent(Lcom/sun/prism/Graphics;)V (436 bytes) @ 0x000001e4a560e6d4 [0x000001e4a560d2c0+0x1414]
J 2960 C1 com.sun.javafx.sg.prism.NGRegion.renderContent(Lcom/sun/prism/Graphics;)V (115 bytes) @ 0x000001e4a560ae14 [0x000001e4a5609900+0x1514]
J 3476 C1 com.sun.javafx.sg.prism.NGNode.doRender(Lcom/sun/prism/Graphics;)V (473 bytes) @ 0x000001e4a579e254 [0x000001e4a579c3c0+0x1e94]
J 3315 C2 com.sun.javafx.sg.prism.NGNode.render(Lcom/sun/prism/Graphics;)V (38 bytes) @ 0x000001e4a57240b8 [0x000001e4a5724040+0x78]
J 2959 C1 com.sun.javafx.sg.prism.NGGroup.renderContent(Lcom/sun/prism/Graphics;)V (436 bytes) @ 0x000001e4a560e6d4 [0x000001e4a560d2c0+0x1414]
J 2960 C1 com.sun.javafx.sg.prism.NGRegion.renderContent(Lcom/sun/prism/Graphics;)V (115 bytes) @ 0x000001e4a560ae14 [0x000001e4a5609900+0x1514]
J 3476 C1 com.sun.javafx.sg.prism.NGNode.doRender(Lcom/sun/prism/Graphics;)V (473 bytes) @ 0x000001e4a579e254 [0x000001e4a579c3c0+0x1e94]
J 3315 C2 com.sun.javafx.sg.prism.NGNode.render(Lcom/sun/prism/Graphics;)V (38 bytes) @ 0x000001e4a57240b8 [0x000001e4a5724040+0x78]
J 2959 C1 com.sun.javafx.sg.prism.NGGroup.renderContent(Lcom/sun/prism/Graphics;)V (436 bytes) @ 0x000001e4a560e6d4 [0x000001e4a560d2c0+0x1414]
J 2960 C1 com.sun.javafx.sg.prism.NGRegion.renderContent(Lcom/sun/prism/Graphics;)V (115 bytes) @ 0x000001e4a560ae14 [0x000001e4a5609900+0x1514]
J 3476 C1 com.sun.javafx.sg.prism.NGNode.doRender(Lcom/sun/prism/Graphics;)V (473 bytes) @ 0x000001e4a579e254 [0x000001e4a579c3c0+0x1e94]
J 3315 C2 com.sun.javafx.sg.prism.NGNode.render(Lcom/sun/prism/Graphics;)V (38 bytes) @ 0x000001e4a57240b8 [0x000001e4a5724040+0x78]
J 3327 C1 com.sun.javafx.tk.quantum.ViewPainter.doPaint(Lcom/sun/prism/Graphics;Lcom/sun/javafx/sg/prism/NodePath;)V (205 bytes) @ 0x000001e4a572c64c [0x000001e4a572b700+0xf4c]
j  com.sun.javafx.tk.quantum.ViewPainter.paintImpl(Lcom/sun/prism/Graphics;)V+987
j  com.sun.javafx.tk.quantum.PresentingPainter.run()V+331
j  java.util.concurrent.Executors$RunnableAdapter.call()Ljava/lang/Object;+4
j  java.util.concurrent.FutureTask.runAndReset$$$capture()Z+47
j  java.util.concurrent.FutureTask.runAndReset()Z+5
j  com.sun.javafx.tk.RenderJob.run()V+1
j  java.util.concurrent.ThreadPoolExecutor.runWorker(Ljava/util/concurrent/ThreadPoolExecutor$Worker;)V+95
j  java.util.concurrent.ThreadPoolExecutor$Worker.run()V+5
j  com.sun.javafx.tk.quantum.QuantumRenderer$PipelineRunnable.run()V+8
j  java.lang.Thread.run()V+11
v  ~StubRoutines::call_stub

---------------  P R O C E S S  ---------------

Java Threads: ( => current thread )
  0x000001e4c6f15000 JavaThread "AWT-Shutdown" [_thread_blocked, id=10616, stack(0x000000d052f00000,0x000000d053000000)]
  0x000001e4c0c35800 JavaThread "Thread-3" daemon [_thread_in_native, id=17584, stack(0x000000d051800000,0x000000d051900000)]
  0x000001e4c0c3b000 JavaThread "SIGINT handler" daemon [_thread_blocked, id=4252, stack(0x000000d051700000,0x000000d051800000)]
  0x000001e4c6cfb000 JavaThread "Prism Font Disposer" daemon [_thread_blocked, id=9236, stack(0x000000d055a00000,0x000000d055b00000)]
  0x000001e4c6c05000 JavaThread "JavaFX-Launcher" [_thread_blocked, id=19444, stack(0x000000d054f00000,0x000000d055000000)]
  0x000001e4c17f5000 JavaThread "Java2D Disposer" daemon [_thread_blocked, id=8004, stack(0x000000d054e00000,0x000000d054f00000)]
  0x000001e4c17eb800 JavaThread "Thread-2" daemon [_thread_in_native, id=14392, stack(0x000000d054d00000,0x000000d054e00000)]
  0x000001e4c15ef800 JavaThread "JavaFX Application Thread" [_thread_blocked, id=17124, stack(0x000000d054200000,0x000000d054300000)]
  0x000001e4c1608800 JavaThread "Thread-1" daemon [_thread_blocked, id=10472, stack(0x000000d054100000,0x000000d054200000)]
=>0x000001e4c14dd000 JavaThread "QuantumRenderer-0" daemon [_thread_in_native, id=21192, stack(0x000000d053e00000,0x000000d053f00000)]
  0x000001e4c0cfc000 JavaThread "Service Thread" daemon [_thread_blocked, id=18976, stack(0x000000d053c00000,0x000000d053d00000)]
  0x000001e4c0c39800 JavaThread "C1 CompilerThread11" daemon [_thread_blocked, id=16096, stack(0x000000d053b00000,0x000000d053c00000)]
  0x000001e4c0c34000 JavaThread "C1 CompilerThread10" daemon [_thread_blocked, id=20008, stack(0x000000d053a00000,0x000000d053b00000)]
  0x000001e4c0c38800 JavaThread "C1 CompilerThread9" daemon [_thread_blocked, id=8676, stack(0x000000d053900000,0x000000d053a00000)]
  0x000001e4c0c34800 JavaThread "C1 CompilerThread8" daemon [_thread_blocked, id=3932, stack(0x000000d053800000,0x000000d053900000)]
  0x000001e4c0c38000 JavaThread "C2 CompilerThread7" daemon [_thread_blocked, id=15456, stack(0x000000d053700000,0x000000d053800000)]
  0x000001e4c0c37000 JavaThread "C2 CompilerThread6" daemon [_thread_blocked, id=1656, stack(0x000000d053600000,0x000000d053700000)]
  0x000001e4c0c36000 JavaThread "C2 CompilerThread5" daemon [_thread_blocked, id=1612, stack(0x000000d053500000,0x000000d053600000)]
  0x000001e4c0c3a000 JavaThread "C2 CompilerThread4" daemon [_thread_blocked, id=12680, stack(0x000000d053400000,0x000000d053500000)]
  0x000001e4c0c22800 JavaThread "C2 CompilerThread3" daemon [_thread_blocked, id=15024, stack(0x000000d053300000,0x000000d053400000)]
  0x000001e4c0c19000 JavaThread "C2 CompilerThread2" daemon [_thread_blocked, id=18712, stack(0x000000d053200000,0x000000d053300000)]
  0x000001e4c0c16000 JavaThread "C2 CompilerThread1" daemon [_thread_blocked, id=6896, stack(0x000000d053100000,0x000000d053200000)]
  0x000001e4c0c10800 JavaThread "C2 CompilerThread0" daemon [_thread_blocked, id=17516, stack(0x000000d053000000,0x000000d053100000)]
  0x000001e4c0bb0800 JavaThread "JDWP Event Helper Thread" daemon [_thread_blocked, id=13044, stack(0x000000d052e00000,0x000000d052f00000)]
  0x000001e4c0b9c000 JavaThread "Attach Listener" daemon [_thread_blocked, id=17636, stack(0x000000d052c00000,0x000000d052d00000)]
  0x000001e4c0b97000 JavaThread "Signal Dispatcher" daemon [_thread_blocked, id=19248, stack(0x000000d052b00000,0x000000d052c00000)]
  0x000001e4bde95800 JavaThread "Finalizer" daemon [_thread_blocked, id=8228, stack(0x000000d052a00000,0x000000d052b00000)]
  0x000001e4c0b70800 JavaThread "Reference Handler" daemon [_thread_blocked, id=16432, stack(0x000000d052900000,0x000000d052a00000)]
  0x000001e4a3071800 JavaThread "main" [_thread_blocked, id=17288, stack(0x000000d051a00000,0x000000d051b00000)]

Other Threads:
  0x000001e4bde83800 VMThread [stack: 0x000000d052800000,0x000000d052900000] [id=18776]
  0x000001e4c0d00800 WatcherThread [stack: 0x000000d053d00000,0x000000d053e00000] [id=14604]

VM state:not at safepoint (normal execution)

VM Mutex/Monitor currently owned by a thread: None

heap address: 0x00000006c1200000, size: 4078 MB, Compressed Oops mode: Zero based, Oop shift amount: 3
Narrow klass base: 0x0000000000000000, Narrow klass shift: 3
Compressed class space size: 1073741824 Address: 0x00000007c0000000

Heap:
 PSYoungGen      total 76288K, used 40495K [0x000000076b100000, 0x0000000770600000, 0x00000007c0000000)
  eden space 65536K, 61% used [0x000000076b100000,0x000000076d88bcc0,0x000000076f100000)
  from space 10752K, 0% used [0x000000076fb80000,0x000000076fb80000,0x0000000770600000)
  to   space 10752K, 0% used [0x000000076f100000,0x000000076f100000,0x000000076fb80000)
 ParOldGen       total 116224K, used 8961K [0x00000006c1200000, 0x00000006c8380000, 0x000000076b100000)
  object space 116224K, 7% used [0x00000006c1200000,0x00000006c1ac0748,0x00000006c8380000)
 Metaspace       used 26706K, capacity 27684K, committed 27904K, reserved 1073152K
  class space    used 3477K, capacity 3717K, committed 3840K, reserved 1048576K

Card table byte_map: [0x000001e4b3e90000,0x000001e4b4690000] byte_map_base: 0x000001e4b0887000

Marking Bits: (ParMarkBitMap*) 0x0000000067e38030
 Begin Bits: [0x000001e4b4be0000, 0x000001e4b8b98000)
 End Bits:   [0x000001e4b8b98000, 0x000001e4bcb50000)

Polling page: 0x000001e4a4aa0000

CodeCache: size=245760Kb used=14704Kb max_used=14714Kb free=231055Kb
 bounds [0x000001e4a4ad0000, 0x000001e4a5940000, 0x000001e4b3ad0000]
 total_blobs=4684 nmethods=3876 adapters=723
 compilation: enabled

Compilation events (10 events):
Event: 104.168 Thread 0x000001e4c0c38800 nmethod 3889 0x000001e4a5927ad0 code [0x000001e4a5927ce0, 0x000001e4a59286a0]
Event: 104.169 Thread 0x000001e4c0c39800 nmethod 3892 0x000001e4a5927450 code [0x000001e4a59275c0, 0x000001e4a5927990]
Event: 104.169 Thread 0x000001e4c0c34800 nmethod 3891 0x000001e4a592e850 code [0x000001e4a592ea40, 0x000001e4a592f270]
Event: 104.170 Thread 0x000001e4c0c3a000 nmethod 3881 0x000001e4a59327d0 code [0x000001e4a5932960, 0x000001e4a5933038]
Event: 104.171 Thread 0x000001e4c0c19000 nmethod 3888 0x000001e4a5933510 code [0x000001e4a59336a0, 0x000001e4a5933b28]
Event: 104.171 Thread 0x000001e4c0c16000 nmethod 3882 0x000001e4a5930090 code [0x000001e4a5930240, 0x000001e4a5930aa8]
Event: 104.177 Thread 0x000001e4c0c34000 3893       3       com.sun.javafx.font.directwrite.IUnknown::Release (26 bytes)
Event: 104.177 Thread 0x000001e4c0c34000 nmethod 3893 0x000001e4a592fc90 code [0x000001e4a592fe00, 0x000001e4a5930010]
Event: 104.180 Thread 0x000001e4c0c38800 3894       3       com.sun.javafx.font.directwrite.IUnknown::<init> (10 bytes)
Event: 104.180 Thread 0x000001e4c0c38800 nmethod 3894 0x000001e4a592f8d0 code [0x000001e4a592fa20, 0x000001e4a592fbd8]

GC Heap History (6 events):
Event: 2.230 GC heap before
{Heap before GC invocations=1 (full 0):
 PSYoungGen      total 76288K, used 65536K [0x000000076b100000, 0x0000000770600000, 0x00000007c0000000)
  eden space 65536K, 100% used [0x000000076b100000,0x000000076f100000,0x000000076f100000)
  from space 10752K, 0% used [0x000000076fb80000,0x000000076fb80000,0x0000000770600000)
  to   space 10752K, 0% used [0x000000076f100000,0x000000076f100000,0x000000076fb80000)
 ParOldGen       total 175104K, used 0K [0x00000006c1200000, 0x00000006cbd00000, 0x000000076b100000)
  object space 175104K, 0% used [0x00000006c1200000,0x00000006c1200000,0x00000006cbd00000)
 Metaspace       used 16221K, capacity 16666K, committed 16768K, reserved 1064960K
  class space    used 1977K, capacity 2144K, committed 2176K, reserved 1048576K
Event: 2.235 GC heap after
Heap after GC invocations=1 (full 0):
 PSYoungGen      total 76288K, used 6583K [0x000000076b100000, 0x0000000770600000, 0x00000007c0000000)
  eden space 65536K, 0% used [0x000000076b100000,0x000000076b100000,0x000000076f100000)
  from space 10752K, 61% used [0x000000076f100000,0x000000076f76de28,0x000000076fb80000)
  to   space 10752K, 0% used [0x000000076fb80000,0x000000076fb80000,0x0000000770600000)
 ParOldGen       total 175104K, used 80K [0x00000006c1200000, 0x00000006cbd00000, 0x000000076b100000)
  object space 175104K, 0% used [0x00000006c1200000,0x00000006c1214010,0x00000006cbd00000)
 Metaspace       used 16221K, capacity 16666K, committed 16768K, reserved 1064960K
  class space    used 1977K, capacity 2144K, committed 2176K, reserved 1048576K
}
Event: 2.903 GC heap before
{Heap before GC invocations=2 (full 0):
 PSYoungGen      total 76288K, used 39375K [0x000000076b100000, 0x0000000770600000, 0x00000007c0000000)
  eden space 65536K, 50% used [0x000000076b100000,0x000000076d105e98,0x000000076f100000)
  from space 10752K, 61% used [0x000000076f100000,0x000000076f76de28,0x000000076fb80000)
  to   space 10752K, 0% used [0x000000076fb80000,0x000000076fb80000,0x0000000770600000)
 ParOldGen       total 175104K, used 80K [0x00000006c1200000, 0x00000006cbd00000, 0x000000076b100000)
  object space 175104K, 0% used [0x00000006c1200000,0x00000006c1214010,0x00000006cbd00000)
 Metaspace       used 20631K, capacity 21124K, committed 21248K, reserved 1067008K
  class space    used 2563K, capacity 2725K, committed 2816K, reserved 1048576K
Event: 2.908 GC heap after
Heap after GC invocations=2 (full 0):
 PSYoungGen      total 76288K, used 9189K [0x000000076b100000, 0x0000000770600000, 0x00000007c0000000)
  eden space 65536K, 0% used [0x000000076b100000,0x000000076b100000,0x000000076f100000)
  from space 10752K, 85% used [0x000000076fb80000,0x0000000770479500,0x0000000770600000)
  to   space 10752K, 0% used [0x000000076f100000,0x000000076f100000,0x000000076fb80000)
 ParOldGen       total 175104K, used 96K [0x00000006c1200000, 0x00000006cbd00000, 0x000000076b100000)
  object space 175104K, 0% used [0x00000006c1200000,0x00000006c1218010,0x00000006cbd00000)
 Metaspace       used 20631K, capacity 21124K, committed 21248K, reserved 1067008K
  class space    used 2563K, capacity 2725K, committed 2816K, reserved 1048576K
}
Event: 2.908 GC heap before
{Heap before GC invocations=3 (full 1):
 PSYoungGen      total 76288K, used 9189K [0x000000076b100000, 0x0000000770600000, 0x00000007c0000000)
  eden space 65536K, 0% used [0x000000076b100000,0x000000076b100000,0x000000076f100000)
  from space 10752K, 85% used [0x000000076fb80000,0x0000000770479500,0x0000000770600000)
  to   space 10752K, 0% used [0x000000076f100000,0x000000076f100000,0x000000076fb80000)
 ParOldGen       total 175104K, used 96K [0x00000006c1200000, 0x00000006cbd00000, 0x000000076b100000)
  object space 175104K, 0% used [0x00000006c1200000,0x00000006c1218010,0x00000006cbd00000)
 Metaspace       used 20631K, capacity 21124K, committed 21248K, reserved 1067008K
  class space    used 2563K, capacity 2725K, committed 2816K, reserved 1048576K
Event: 2.932 GC heap after
Heap after GC invocations=3 (full 1):
 PSYoungGen      total 76288K, used 0K [0x000000076b100000, 0x0000000770600000, 0x00000007c0000000)
  eden space 65536K, 0% used [0x000000076b100000,0x000000076b100000,0x000000076f100000)
  from space 10752K, 0% used [0x000000076fb80000,0x000000076fb80000,0x0000000770600000)
  to   space 10752K, 0% used [0x000000076f100000,0x000000076f100000,0x000000076fb80000)
 ParOldGen       total 116224K, used 8961K [0x00000006c1200000, 0x00000006c8380000, 0x000000076b100000)
  object space 116224K, 7% used [0x00000006c1200000,0x00000006c1ac0748,0x00000006c8380000)
 Metaspace       used 20631K, capacity 21124K, committed 21248K, reserved 1067008K
  class space    used 2563K, capacity 2725K, committed 2816K, reserved 1048576K
}

Deoptimization events (10 events):
Event: 4.005 Thread 0x000001e4c15ef800 Uncommon trap: reason=class_check action=maybe_recompile pc=0x000001e4a54455ec method=java.lang.Character.isWhitespace(I)Z @ 5
Event: 4.005 Thread 0x000001e4c15ef800 Uncommon trap: reason=class_check action=maybe_recompile pc=0x000001e4a54450e8 method=java.lang.Character.isWhitespace(I)Z @ 5
Event: 4.445 Thread 0x000001e4c14dd000 Uncommon trap: reason=unstable_if action=reinterpret pc=0x000001e4a56701f8 method=com.sun.javafx.sg.prism.NGNode.render(Lcom/sun/prism/Graphics;)V @ 28
Event: 5.095 Thread 0x000001e4c15ef800 Uncommon trap: reason=class_check action=maybe_recompile pc=0x000001e4a572e028 method=javafx.scene.Node.updateLocalToParentTransform()V @ 11
Event: 5.095 Thread 0x000001e4c15ef800 Uncommon trap: reason=class_check action=maybe_recompile pc=0x000001e4a572e028 method=javafx.scene.Node.updateLocalToParentTransform()V @ 11
Event: 5.095 Thread 0x000001e4c15ef800 Uncommon trap: reason=class_check action=maybe_recompile pc=0x000001e4a572e028 method=javafx.scene.Node.updateLocalToParentTransform()V @ 11
Event: 5.095 Thread 0x000001e4c15ef800 Uncommon trap: reason=class_check action=maybe_recompile pc=0x000001e4a572e028 method=javafx.scene.Node.updateLocalToParentTransform()V @ 11
Event: 5.098 Thread 0x000001e4c14dd000 Uncommon trap: reason=unstable_if action=reinterpret pc=0x000001e4a5713e90 method=com.sun.javafx.sg.prism.NGRegion.renderContent(Lcom/sun/prism/Graphics;)V @ 92
Event: 104.174 Thread 0x000001e4c17eb800 Uncommon trap: reason=unstable_if action=reinterpret pc=0x000001e4a5930810 method=com.sun.javafx.tk.quantum.QuantumToolkit.postPulse()V @ 109
Event: 104.190 Thread 0x000001e4c17eb800 Uncommon trap: reason=unstable_if action=reinterpret pc=0x000001e4a5932e70 method=com.sun.javafx.tk.quantum.QuantumToolkit.postPulse()V @ 109

Classes redefined (0 events):
No events

Internal exceptions (10 events):
Event: 0.504 Thread 0x000001e4c15ef800 Exception <a 'java/io/FileNotFoundException'> (0x000000076c837588) thrown at [C:\jenkins\workspace\8-2-build-windows-amd64-cygwin\jdk8u311\1894\hotspot\src\share\vm\prims\jni.cpp, line 710]
Event: 1.848 Thread 0x000001e4c15ef800 Exception <a 'java/lang/NullPointerException'> (0x000000076db54148) thrown at [C:\jenkins\workspace\8-2-build-windows-amd64-cygwin\jdk8u311\1894\hotspot\src\share\vm\interpreter\linkResolver.cpp, line 1185]
Event: 1.913 Thread 0x000001e4c15ef800 Exception <a 'java/lang/NullPointerException'> (0x000000076dffdbd0) thrown at [C:\jenkins\workspace\8-2-build-windows-amd64-cygwin\jdk8u311\1894\hotspot\src\share\vm\interpreter\linkResolver.cpp, line 1185]
Event: 1.913 Thread 0x000001e4c15ef800 Exception <a 'java/lang/NullPointerException'> (0x000000076dffdbd0) thrown at [C:\jenkins\workspace\8-2-build-windows-amd64-cygwin\jdk8u311\1894\hotspot\src\share\vm\prims\jvm.cpp, line 1527]
Event: 2.862 Thread 0x000001e4c15ef800 Implicit null exception at 0x000001e4a4f4fad9 to 0x000001e4a4f4ffc9
Event: 2.862 Thread 0x000001e4c15ef800 Implicit null exception at 0x000001e4a4f1c416 to 0x000001e4a4f1c8cd
Event: 2.896 Thread 0x000001e4c15ef800 Implicit null exception at 0x000001e4a50619f4 to 0x000001e4a5061c85
Event: 2.896 Thread 0x000001e4c15ef800 Implicit null exception at 0x000001e4a50e2d5e to 0x000001e4a50e3941
Event: 3.050 Thread 0x000001e4c15ef800 Exception <a 'java/io/FileNotFoundException'> (0x000000076b83b138) thrown at [C:\jenkins\workspace\8-2-build-windows-amd64-cygwin\jdk8u311\1894\hotspot\src\share\vm\prims\jni.cpp, line 710]
Event: 104.193 Thread 0x000001e4c6f14800 Exception <a 'java/lang/IllegalStateException'> (0x000000076d863f10) thrown at [C:\jenkins\workspace\8-2-build-windows-amd64-cygwin\jdk8u311\1894\hotspot\src\share\vm\prims\jvm.cpp, line 1527]

Events (10 events):
Event: 104.192 Thread 0x000001e4c6f15000 Thread added: 0x000001e4c6f15000
Event: 104.192 Thread 0x000001e4c6f0f800 Thread exited: 0x000001e4c6f0f800
Event: 104.193 loading class com/sun/javafx/tk/quantum/QuantumRenderer
Event: 104.193 loading class com/sun/javafx/tk/quantum/QuantumRenderer done
Event: 104.193 loading class sun/java2d/pipe/hw/AccelDeviceEventNotifier
Event: 104.193 loading class sun/java2d/pipe/hw/AccelDeviceEventNotifier done
Event: 104.193 loading class com/sun/javafx/tk/quantum/QuantumToolkit
Event: 104.193 loading class com/sun/javafx/tk/quantum/QuantumToolkit done
Event: 104.193 Thread 0x000001e4c6f14800 Thread exited: 0x000001e4c6f14800
Event: 104.198 Thread 0x000001e4c1805000 Thread exited: 0x000001e4c1805000


Dynamic libraries:
0x00007ff6f6f10000 - 0x00007ff6f6f57000 	C:\Program Files\Java\jdk1.8.0_311\bin\java.exe
0x00007ffdd47d0000 - 0x00007ffdd49be000 	C:\Windows\SYSTEM32\ntdll.dll
0x00007ffdd2c70000 - 0x00007ffdd2d23000 	C:\Windows\System32\KERNEL32.DLL
0x00007ffdd0d00000 - 0x00007ffdd0f9d000 	C:\Windows\System32\KERNELBASE.dll
0x00007ffdd30e0000 - 0x00007ffdd3187000 	C:\Windows\System32\ADVAPI32.dll
0x00007ffdd22e0000 - 0x00007ffdd237e000 	C:\Windows\System32\msvcrt.dll
0x00007ffdd2b00000 - 0x00007ffdd2b9f000 	C:\Windows\System32\sechost.dll
0x00007ffdd1fd0000 - 0x00007ffdd20ed000 	C:\Windows\System32\RPCRT4.dll
0x00007ffdd2d40000 - 0x00007ffdd2ed8000 	C:\Windows\System32\USER32.dll
0x00007ffdd10c0000 - 0x00007ffdd10e0000 	C:\Windows\System32\win32u.dll
0x00007ffdd2380000 - 0x00007ffdd23a9000 	C:\Windows\System32\GDI32.dll
0x00007ffdd10e0000 - 0x00007ffdd1280000 	C:\Windows\System32\gdi32full.dll
0x00007ffdd09f0000 - 0x00007ffdd0a90000 	C:\Windows\System32\msvcp_win.dll
0x00007ffdd0860000 - 0x00007ffdd095a000 	C:\Windows\System32\ucrtbase.dll
0x00007ffdc1500000 - 0x00007ffdc1779000 	C:\Windows\WinSxS\amd64_microsoft.windows.common-controls_6595b64144ccf1df_6.0.17763.3650_none_de72e6e05349b85a\COMCTL32.dll
0x00007ffdd23b0000 - 0x00007ffdd26db000 	C:\Windows\System32\combase.dll
0x00007ffdd0960000 - 0x00007ffdd09e2000 	C:\Windows\System32\bcryptPrimitives.dll
0x00007ffdd2250000 - 0x00007ffdd227e000 	C:\Windows\System32\IMM32.DLL
0x00007ffdb3560000 - 0x00007ffdb3575000 	C:\Program Files\Java\jdk1.8.0_311\jre\bin\vcruntime140.dll
0x00007ffd946b0000 - 0x00007ffd9474b000 	C:\Program Files\Java\jdk1.8.0_311\jre\bin\msvcp140.dll
0x0000000067650000 - 0x0000000067eb0000 	C:\Program Files\Java\jdk1.8.0_311\jre\bin\server\jvm.dll
0x00007ffdd2d30000 - 0x00007ffdd2d38000 	C:\Windows\System32\PSAPI.DLL
0x00007ffdcd530000 - 0x00007ffdcd539000 	C:\Windows\SYSTEM32\WSOCK32.dll
0x00007ffdccb40000 - 0x00007ffdccb64000 	C:\Windows\SYSTEM32\WINMM.dll
0x00007ffdca1f0000 - 0x00007ffdca1fa000 	C:\Windows\SYSTEM32\VERSION.dll
0x00007ffdd27a0000 - 0x00007ffdd280d000 	C:\Windows\System32\WS2_32.dll
0x00007ffdccb10000 - 0x00007ffdccb3d000 	C:\Windows\SYSTEM32\WINMMBASE.dll
0x00007ffdd1050000 - 0x00007ffdd109a000 	C:\Windows\System32\cfgmgr32.dll
0x00007ffdd0790000 - 0x00007ffdd07a1000 	C:\Windows\System32\kernel.appcore.dll
0x00007ffdc73b0000 - 0x00007ffdc73c0000 	C:\Program Files\Java\jdk1.8.0_311\jre\bin\verify.dll
0x00007ffdb31b0000 - 0x00007ffdb31db000 	C:\Program Files\Java\jdk1.8.0_311\jre\bin\java.dll
0x00007ffd948a0000 - 0x00007ffd948d6000 	C:\Program Files\Java\jdk1.8.0_311\jre\bin\jdwp.dll
0x00007ffdbe370000 - 0x00007ffdbe379000 	C:\Program Files\Java\jdk1.8.0_311\jre\bin\npt.dll
0x00007ffd947b0000 - 0x00007ffd947e0000 	C:\Program Files\Java\jdk1.8.0_311\jre\bin\instrument.dll
0x00007ffdb3540000 - 0x00007ffdb3558000 	C:\Program Files\Java\jdk1.8.0_311\jre\bin\zip.dll
0x00007ffdd32a0000 - 0x00007ffdd4798000 	C:\Windows\System32\SHELL32.dll
0x00007ffdd31f0000 - 0x00007ffdd3297000 	C:\Windows\System32\shcore.dll
0x00007ffdd1280000 - 0x00007ffdd19c9000 	C:\Windows\System32\windows.storage.dll
0x00007ffdd07b0000 - 0x00007ffdd07d3000 	C:\Windows\System32\profapi.dll
0x00007ffdd0800000 - 0x00007ffdd085d000 	C:\Windows\System32\powrprof.dll
0x00007ffdd2280000 - 0x00007ffdd22d2000 	C:\Windows\System32\shlwapi.dll
0x00007ffdd10a0000 - 0x00007ffdd10bb000 	C:\Windows\System32\cryptsp.dll
0x00007ffdbd620000 - 0x00007ffdbd62a000 	C:\Program Files\Java\jdk1.8.0_311\jre\bin\dt_socket.dll
0x00007ffdcffe0000 - 0x00007ffdd0047000 	C:\Windows\system32\mswsock.dll
0x000001e4c1ab0000 - 0x000001e4c1ab3000 	C:\Program Files\Java\jdk1.8.0_311\jre\bin\api-ms-win-core-console-l1-1-0.dll
0x000001e4c1ac0000 - 0x000001e4c1ac3000 	C:\Program Files\Java\jdk1.8.0_311\jre\bin\api-ms-win-core-console-l1-2-0.dll
0x000001e4c1ad0000 - 0x000001e4c1ad3000 	C:\Program Files\Java\jdk1.8.0_311\jre\bin\api-ms-win-core-datetime-l1-1-0.dll
0x000001e4c1ae0000 - 0x000001e4c1ae3000 	C:\Program Files\Java\jdk1.8.0_311\jre\bin\api-ms-win-core-debug-l1-1-0.dll
0x000001e4c1af0000 - 0x000001e4c1af3000 	C:\Program Files\Java\jdk1.8.0_311\jre\bin\api-ms-win-core-errorhandling-l1-1-0.dll
0x000001e4c1b00000 - 0x000001e4c1b04000 	C:\Program Files\Java\jdk1.8.0_311\jre\bin\api-ms-win-core-file-l1-1-0.dll
0x000001e4c1b10000 - 0x000001e4c1b13000 	C:\Program Files\Java\jdk1.8.0_311\jre\bin\api-ms-win-core-file-l1-2-0.dll
0x000001e4c1b20000 - 0x000001e4c1b23000 	C:\Program Files\Java\jdk1.8.0_311\jre\bin\api-ms-win-core-file-l2-1-0.dll
0x000001e4c1b30000 - 0x000001e4c1b33000 	C:\Program Files\Java\jdk1.8.0_311\jre\bin\api-ms-win-core-handle-l1-1-0.dll
0x000001e4c1b40000 - 0x000001e4c1b43000 	C:\Program Files\Java\jdk1.8.0_311\jre\bin\api-ms-win-core-heap-l1-1-0.dll
0x000001e4c1b50000 - 0x000001e4c1b53000 	C:\Program Files\Java\jdk1.8.0_311\jre\bin\api-ms-win-core-interlocked-l1-1-0.dll
0x000001e4c1b60000 - 0x000001e4c1b63000 	C:\Program Files\Java\jdk1.8.0_311\jre\bin\api-ms-win-core-libraryloader-l1-1-0.dll
0x000001e4c1b70000 - 0x000001e4c1b73000 	C:\Program Files\Java\jdk1.8.0_311\jre\bin\api-ms-win-core-localization-l1-2-0.dll
0x000001e4c1b80000 - 0x000001e4c1b83000 	C:\Program Files\Java\jdk1.8.0_311\jre\bin\api-ms-win-core-memory-l1-1-0.dll
0x000001e4c1b90000 - 0x000001e4c1b93000 	C:\Program Files\Java\jdk1.8.0_311\jre\bin\api-ms-win-core-namedpipe-l1-1-0.dll
0x000001e4c1ba0000 - 0x000001e4c1ba3000 	C:\Program Files\Java\jdk1.8.0_311\jre\bin\api-ms-win-core-processenvironment-l1-1-0.dll
0x000001e4c1bb0000 - 0x000001e4c1bb3000 	C:\Program Files\Java\jdk1.8.0_311\jre\bin\api-ms-win-core-processthreads-l1-1-0.dll
0x000001e4c1bc0000 - 0x000001e4c1bc3000 	C:\Program Files\Java\jdk1.8.0_311\jre\bin\api-ms-win-core-processthreads-l1-1-1.dll
0x000001e4c1bd0000 - 0x000001e4c1bd3000 	C:\Program Files\Java\jdk1.8.0_311\jre\bin\api-ms-win-core-profile-l1-1-0.dll
0x000001e4c1be0000 - 0x000001e4c1be3000 	C:\Program Files\Java\jdk1.8.0_311\jre\bin\api-ms-win-core-rtlsupport-l1-1-0.dll
0x000001e4c1bf0000 - 0x000001e4c1bf3000 	C:\Program Files\Java\jdk1.8.0_311\jre\bin\api-ms-win-core-string-l1-1-0.dll
0x000001e4c1c00000 - 0x000001e4c1c03000 	C:\Program Files\Java\jdk1.8.0_311\jre\bin\api-ms-win-core-synch-l1-1-0.dll
0x000001e4c1c10000 - 0x000001e4c1c13000 	C:\Program Files\Java\jdk1.8.0_311\jre\bin\api-ms-win-core-synch-l1-2-0.dll
0x000001e4c1c20000 - 0x000001e4c1c23000 	C:\Program Files\Java\jdk1.8.0_311\jre\bin\api-ms-win-core-sysinfo-l1-1-0.dll
0x000001e4c1c30000 - 0x000001e4c1c33000 	C:\Program Files\Java\jdk1.8.0_311\jre\bin\api-ms-win-core-timezone-l1-1-0.dll
0x000001e4c1c40000 - 0x000001e4c1c43000 	C:\Program Files\Java\jdk1.8.0_311\jre\bin\api-ms-win-core-util-l1-1-0.dll
0x000001e4c1c50000 - 0x000001e4c1c53000 	C:\Program Files\Java\jdk1.8.0_311\jre\bin\api-ms-win-crt-conio-l1-1-0.dll
0x000001e4c1c60000 - 0x000001e4c1c64000 	C:\Program Files\Java\jdk1.8.0_311\jre\bin\api-ms-win-crt-convert-l1-1-0.dll
0x000001e4c1c70000 - 0x000001e4c1c73000 	C:\Program Files\Java\jdk1.8.0_311\jre\bin\api-ms-win-crt-environment-l1-1-0.dll
0x000001e4c1c80000 - 0x000001e4c1c83000 	C:\Program Files\Java\jdk1.8.0_311\jre\bin\api-ms-win-crt-filesystem-l1-1-0.dll
0x000001e4c1c90000 - 0x000001e4c1c93000 	C:\Program Files\Java\jdk1.8.0_311\jre\bin\api-ms-win-crt-heap-l1-1-0.dll
0x000001e4c1ca0000 - 0x000001e4c1ca3000 	C:\Program Files\Java\jdk1.8.0_311\jre\bin\api-ms-win-crt-locale-l1-1-0.dll
0x000001e4c1cb0000 - 0x000001e4c1cb5000 	C:\Program Files\Java\jdk1.8.0_311\jre\bin\api-ms-win-crt-math-l1-1-0.dll
0x000001e4c1cc0000 - 0x000001e4c1cc5000 	C:\Program Files\Java\jdk1.8.0_311\jre\bin\api-ms-win-crt-multibyte-l1-1-0.dll
0x000001e4c1cd0000 - 0x000001e4c1ce0000 	C:\Program Files\Java\jdk1.8.0_311\jre\bin\api-ms-win-crt-private-l1-1-0.dll
0x000001e4c1ce0000 - 0x000001e4c1ce3000 	C:\Program Files\Java\jdk1.8.0_311\jre\bin\api-ms-win-crt-process-l1-1-0.dll
0x000001e4c1cf0000 - 0x000001e4c1cf4000 	C:\Program Files\Java\jdk1.8.0_311\jre\bin\api-ms-win-crt-runtime-l1-1-0.dll
0x000001e4c1d00000 - 0x000001e4c1d04000 	C:\Program Files\Java\jdk1.8.0_311\jre\bin\api-ms-win-crt-stdio-l1-1-0.dll
0x000001e4c1d10000 - 0x000001e4c1d14000 	C:\Program Files\Java\jdk1.8.0_311\jre\bin\api-ms-win-crt-string-l1-1-0.dll
0x000001e4c1d20000 - 0x000001e4c1d23000 	C:\Program Files\Java\jdk1.8.0_311\jre\bin\api-ms-win-crt-time-l1-1-0.dll
0x000001e4c1d30000 - 0x000001e4c1d33000 	C:\Program Files\Java\jdk1.8.0_311\jre\bin\api-ms-win-crt-utility-l1-1-0.dll
0x00007ffd940d0000 - 0x00007ffd941ca000 	C:\Program Files\Java\jdk1.8.0_311\jre\bin\ucrtbase.dll
0x00007ffdbbf80000 - 0x00007ffdbbf8c000 	C:\Program Files\Java\jdk1.8.0_311\jre\bin\vcruntime140_1.dll
0x00007ffd94780000 - 0x00007ffd947a3000 	C:\Program Files\Java\jdk1.8.0_311\jre\bin\prism_d3d.dll
0x00007ffdc6170000 - 0x00007ffdc630d000 	C:\Windows\system32\d3d9.dll
0x00007ffdcede0000 - 0x00007ffdcee0e000 	C:\Windows\SYSTEM32\dwmapi.dll
0x00007ffdd0b00000 - 0x00007ffdd0cf5000 	C:\Windows\System32\CRYPT32.dll
0x00007ffdd07e0000 - 0x00007ffdd07f2000 	C:\Windows\System32\MSASN1.dll
0x00007ffdceaa0000 - 0x00007ffdceb3c000 	C:\Windows\system32\uxtheme.dll
0x00007ffdca200000 - 0x00007ffdca3bb000 	C:\Windows\System32\DriverStore\FileRepository\u0386220.inf_amd64_1894141ab65df02b\B386218\aticfx64.dll
0x00007ffdcb660000 - 0x00007ffdcb694000 	C:\Windows\System32\DriverStore\FileRepository\u0386220.inf_amd64_1894141ab65df02b\B386218\atiu9p64.dll
0x00007ffda5910000 - 0x00007ffda6665000 	C:\Windows\System32\DriverStore\FileRepository\u0386220.inf_amd64_1894141ab65df02b\B386218\atiumd64.dll
0x00007ffdd20f0000 - 0x00007ffdd2246000 	C:\Windows\System32\ole32.dll
0x00007ffdc63d0000 - 0x00007ffdc65bd000 	C:\Windows\SYSTEM32\dbghelp.dll
0x00007ffdbbb20000 - 0x00007ffdbbb4a000 	C:\Windows\SYSTEM32\dbgcore.DLL
0x0000000068170000 - 0x0000000069097000 	C:\Windows\System32\DriverStore\FileRepository\u0386220.inf_amd64_1894141ab65df02b\B386218\atiumd6a.dll
0x00007ffdd1a00000 - 0x00007ffdd1e76000 	C:\Windows\System32\SETUPAPI.dll
0x00007ffdd19d0000 - 0x00007ffdd19f6000 	C:\Windows\System32\bcrypt.dll
0x00007ffdc7220000 - 0x00007ffdc7255000 	C:\Windows\SYSTEM32\amdihk64.dll
0x00007ffd94080000 - 0x00007ffd940c2000 	C:\Program Files\Java\jdk1.8.0_311\jre\bin\glass.dll
0x00007ffdd1e80000 - 0x00007ffdd1fa6000 	C:\Windows\System32\COMDLG32.dll
0x00007ffdd2ba0000 - 0x00007ffdd2c64000 	C:\Windows\System32\OLEAUT32.dll
0x00007ffdd2f70000 - 0x00007ffdd30db000 	C:\Windows\System32\MSCTF.dll
0x00007ffd95b70000 - 0x00007ffd95b7d000 	C:\Program Files\Java\jdk1.8.0_311\jre\bin\management.dll
0x00007ffd8b0a0000 - 0x00007ffd8b235000 	C:\Program Files\Java\jdk1.8.0_311\jre\bin\awt.dll
0x00007ffdce9a0000 - 0x00007ffdcea2d000 	C:\Windows\SYSTEM32\apphelp.dll
0x00007ffdbd420000 - 0x00007ffdbd547000 	C:\Windows\system32\opengl32.dll
0x00007ffdca080000 - 0x00007ffdca0ac000 	C:\Windows\SYSTEM32\GLU32.dll
0x00007ffd94cd0000 - 0x00007ffd94cec000 	C:\Program Files\Java\jdk1.8.0_311\jre\bin\net.dll
0x00007ffd94ab0000 - 0x00007ffd94ac3000 	C:\Program Files\Java\jdk1.8.0_311\jre\bin\nio.dll
0x00007ffd94a20000 - 0x00007ffd94a34000 	C:\Program Files\Java\jdk1.8.0_311\jre\bin\javafx_font.dll
0x00007ffdc0430000 - 0x00007ffdc0737000 	C:\Windows\SYSTEM32\dwrite.dll
0x00007ffdcfb60000 - 0x00007ffdcfb93000 	C:\Windows\system32\rsaenh.dll
0x00007ffdd0690000 - 0x00007ffdd06b9000 	C:\Windows\SYSTEM32\USERENV.dll
0x00007ffdd01b0000 - 0x00007ffdd01bc000 	C:\Windows\SYSTEM32\CRYPTBASE.dll
0x00007ffdcfcf0000 - 0x00007ffdcfd2d000 	C:\Windows\SYSTEM32\IPHLPAPI.DLL
0x00007ffdd2f60000 - 0x00007ffdd2f68000 	C:\Windows\System32\NSI.dll
0x00007ffdc3bc0000 - 0x00007ffdc3bd6000 	C:\Windows\SYSTEM32\dhcpcsvc6.DLL
0x00007ffdc3ba0000 - 0x00007ffdc3bbc000 	C:\Windows\SYSTEM32\dhcpcsvc.DLL
0x00007ffdcfd30000 - 0x00007ffdcfdf6000 	C:\Windows\SYSTEM32\DNSAPI.dll
0x00007ffd94240000 - 0x00007ffd94264000 	C:\Program Files\Java\jdk1.8.0_311\jre\bin\sunec.dll
0x00007ffdc3390000 - 0x00007ffdc339a000 	C:\Windows\System32\rasadhlp.dll
0x00007ffdc3c30000 - 0x00007ffdc3ca9000 	C:\Windows\System32\fwpuclnt.dll
0x00007ffd95b60000 - 0x00007ffd95b6d000 	C:\Program Files\Java\jdk1.8.0_311\jre\bin\sunmscapi.dll

VM Arguments:
jvm_args: -agentlib:jdwp=transport=dt_socket,address=127.0.0.1:56126,suspend=y,server=n -javaagent:C:\Users\admin\AppData\Local\JetBrains\IdeaIC2022.3\captureAgent\debugger-agent.jar -Dfile.encoding=UTF-8 
java_command: tylauncher.Main
java_class_path (initial): C:\Program Files\Java\jdk1.8.0_311\jre\lib\charsets.jar;C:\Program Files\Java\jdk1.8.0_311\jre\lib\deploy.jar;C:\Program Files\Java\jdk1.8.0_311\jre\lib\ext\access-bridge-64.jar;C:\Program Files\Java\jdk1.8.0_311\jre\lib\ext\cldrdata.jar;C:\Program Files\Java\jdk1.8.0_311\jre\lib\ext\dnsns.jar;C:\Program Files\Java\jdk1.8.0_311\jre\lib\ext\jaccess.jar;C:\Program Files\Java\jdk1.8.0_311\jre\lib\ext\jfxrt.jar;C:\Program Files\Java\jdk1.8.0_311\jre\lib\ext\localedata.jar;C:\Program Files\Java\jdk1.8.0_311\jre\lib\ext\nashorn.jar;C:\Program Files\Java\jdk1.8.0_311\jre\lib\ext\sunec.jar;C:\Program Files\Java\jdk1.8.0_311\jre\lib\ext\sunjce_provider.jar;C:\Program Files\Java\jdk1.8.0_311\jre\lib\ext\sunmscapi.jar;C:\Program Files\Java\jdk1.8.0_311\jre\lib\ext\sunpkcs11.jar;C:\Program Files\Java\jdk1.8.0_311\jre\lib\ext\zipfs.jar;C:\Program Files\Java\jdk1.8.0_311\jre\lib\javaws.jar;C:\Program Files\Java\jdk1.8.0_311\jre\lib\jce.jar;C:\Program Files\Java\jdk1.8.0_311\jre\lib\jfr.jar;C:\Program Files\Java\jdk1.8.0_311\jre\lib\jfxswt.jar;C:\Program Files\Java\jdk1.8.0_311\jre\lib\jsse.jar;C:\Program Files\Java\jdk1.8.0_311\jre\lib\management-agent.jar;C:\Program Files\Java\jdk1.8.0_311\jre\lib\plugin.jar;C:\Program Files\Java\jdk1.8.0_311\jre\lib\resources.jar;C:\Program Files\Java\jdk1.8.0_311\jre\lib\rt.jar;C:\Users\admin\Desktop\javaLauncher\tyProLauncher\tylauncher\out\production\tylauncher;C:\Program Files\JetBrains\IntelliJ IDEA Community Edition 2022.2.2\lib\idea_rt.jar;C:\Users\admin\AppData\Local\JetBrains\IdeaIC2022.3\captureAgent\debugger-agent.jar
Launcher Type: SUN_STANDARD

Environment Variables:
JAVA_HOME=C:\Program Files\Java\jdk1.8.0_311
USERNAME=admin
OS=Windows_NT
PROCESSOR_IDENTIFIER=Intel64 Family 6 Model 62 Stepping 4, GenuineIntel



---------------  S Y S T E M  ---------------

OS: Windows 10.0 , 64 bit Build 17763 (10.0.17763.3287)

CPU:total 16 (initial active 16) (8 cores per cpu, 2 threads per core) family 6 model 62 stepping 4, cmov, cx8, fxsr, mmx, sse, sse2, sse3, ssse3, sse4.1, sse4.2, popcnt, avx, aes, clmul, erms, ht, tsc, tscinvbit

Memory: 4k page, physical 16702296k(8109976k free), swap 66509656k(50153308k free)

vm_info: Java HotSpot(TM) 64-Bit Server VM (25.311-b11) for windows-amd64 JRE (1.8.0_311-b11), built on Sep 27 2021 05:15:14 by "java_re" with MS VC++ 15.9 (VS2017)

time: Wed Dec  7 01:18:33 2022
timezone: RTZ 2 (ceia)
elapsed time: 104.248886 seconds (0d 0h 1m 44s)

